This is pdfTeX, Version 3.141592653-2.6-1.40.26 (TeX Live 2024) (preloaded format=pdflatex 2024.9.16)  19 SEP 2024 11:48
entering extended mode
 restricted \write18 enabled.
 file:line:error style messages enabled.
 %&-line parsing enabled.
**/Users/goodman/Documents/GitHub/Quantum-Graphs/documentation/TutorialSeptember/QGLABtutorial.tex
(/Users/goodman/Documents/GitHub/Quantum-Graphs/documentation/TutorialSeptember/QGLABtutorial.tex
LaTeX2e <2024-06-01> patch level 2
L3 programming layer <2024-08-30>
(/usr/local/texlive/2024/texmf-dist/tex/latex/base/article.cls
Document Class: article 2024/02/08 v1.4n Standard LaTeX document class
(/usr/local/texlive/2024/texmf-dist/tex/latex/base/size10.clo
File: size10.clo 2024/02/08 v1.4n Standard LaTeX file (size option)
)
\c@part=\count194
\c@section=\count195
\c@subsection=\count196
\c@subsubsection=\count197
\c@paragraph=\count198
\c@subparagraph=\count199
\c@figure=\count266
\c@table=\count267
\abovecaptionskip=\skip49
\belowcaptionskip=\skip50
\bibindent=\dimen141
) (/usr/local/texlive/2024/texmf-dist/tex/latex/base/inputenc.sty
Package: inputenc 2024/02/08 v1.3d Input encoding file
\inpenc@prehook=\toks17
\inpenc@posthook=\toks18
) (/usr/local/texlive/2024/texmf-dist/tex/latex/base/fontenc.sty
Package: fontenc 2021/04/29 v2.0v Standard LaTeX package
) (/usr/local/texlive/2024/texmf-dist/tex/latex/lm/lmodern.sty
Package: lmodern 2015/05/01 v1.6.1 Latin Modern Fonts
LaTeX Font Info:    Overwriting symbol font `operators' in version `normal'
(Font)                  OT1/cmr/m/n --> OT1/lmr/m/n on input line 22.
LaTeX Font Info:    Overwriting symbol font `letters' in version `normal'
(Font)                  OML/cmm/m/it --> OML/lmm/m/it on input line 23.
LaTeX Font Info:    Overwriting symbol font `symbols' in version `normal'
(Font)                  OMS/cmsy/m/n --> OMS/lmsy/m/n on input line 24.
LaTeX Font Info:    Overwriting symbol font `largesymbols' in version `normal'
(Font)                  OMX/cmex/m/n --> OMX/lmex/m/n on input line 25.
LaTeX Font Info:    Overwriting symbol font `operators' in version `bold'
(Font)                  OT1/cmr/bx/n --> OT1/lmr/bx/n on input line 26.
LaTeX Font Info:    Overwriting symbol font `letters' in version `bold'
(Font)                  OML/cmm/b/it --> OML/lmm/b/it on input line 27.
LaTeX Font Info:    Overwriting symbol font `symbols' in version `bold'
(Font)                  OMS/cmsy/b/n --> OMS/lmsy/b/n on input line 28.
LaTeX Font Info:    Overwriting symbol font `largesymbols' in version `bold'
(Font)                  OMX/cmex/m/n --> OMX/lmex/m/n on input line 29.
LaTeX Font Info:    Overwriting math alphabet `\mathbf' in version `normal'
(Font)                  OT1/cmr/bx/n --> OT1/lmr/bx/n on input line 31.
LaTeX Font Info:    Overwriting math alphabet `\mathsf' in version `normal'
(Font)                  OT1/cmss/m/n --> OT1/lmss/m/n on input line 32.
LaTeX Font Info:    Overwriting math alphabet `\mathit' in version `normal'
(Font)                  OT1/cmr/m/it --> OT1/lmr/m/it on input line 33.
LaTeX Font Info:    Overwriting math alphabet `\mathtt' in version `normal'
(Font)                  OT1/cmtt/m/n --> OT1/lmtt/m/n on input line 34.
LaTeX Font Info:    Overwriting math alphabet `\mathbf' in version `bold'
(Font)                  OT1/cmr/bx/n --> OT1/lmr/bx/n on input line 35.
LaTeX Font Info:    Overwriting math alphabet `\mathsf' in version `bold'
(Font)                  OT1/cmss/bx/n --> OT1/lmss/bx/n on input line 36.
LaTeX Font Info:    Overwriting math alphabet `\mathit' in version `bold'
(Font)                  OT1/cmr/bx/it --> OT1/lmr/bx/it on input line 37.
LaTeX Font Info:    Overwriting math alphabet `\mathtt' in version `bold'
(Font)                  OT1/cmtt/m/n --> OT1/lmtt/m/n on input line 38.
) (/usr/local/texlive/2024/texmf-dist/tex/latex/graphics/graphicx.sty
Package: graphicx 2021/09/16 v1.2d Enhanced LaTeX Graphics (DPC,SPQR)
 (/usr/local/texlive/2024/texmf-dist/tex/latex/graphics/keyval.sty
Package: keyval 2022/05/29 v1.15 key=value parser (DPC)
\KV@toks@=\toks19
) (/usr/local/texlive/2024/texmf-dist/tex/latex/graphics/graphics.sty
Package: graphics 2024/05/23 v1.4g Standard LaTeX Graphics (DPC,SPQR)
 (/usr/local/texlive/2024/texmf-dist/tex/latex/graphics/trig.sty
Package: trig 2023/12/02 v1.11 sin cos tan (DPC)
) (/usr/local/texlive/2024/texmf-dist/tex/latex/graphics-cfg/graphics.cfg
File: graphics.cfg 2016/06/04 v1.11 sample graphics configuration
)
Package graphics Info: Driver file: pdftex.def on input line 106.
 (/usr/local/texlive/2024/texmf-dist/tex/latex/graphics-def/pdftex.def
File: pdftex.def 2024/04/13 v1.2c Graphics/color driver for pdftex
))
\Gin@req@height=\dimen142
\Gin@req@width=\dimen143
) (/usr/local/texlive/2024/texmf-dist/tex/latex/graphics/color.sty
Package: color 2024/01/14 v1.3d Standard LaTeX Color (DPC)
 (/usr/local/texlive/2024/texmf-dist/tex/latex/graphics-cfg/color.cfg
File: color.cfg 2016/01/02 v1.6 sample color configuration
)
Package color Info: Driver file: pdftex.def on input line 149.
 (/usr/local/texlive/2024/texmf-dist/tex/latex/graphics/mathcolor.ltx)) (/usr/local/texlive/2024/texmf-dist/tex/latex/hyperref/hyperref.sty
Package: hyperref 2024-07-10 v7.01j Hypertext links for LaTeX
 (/usr/local/texlive/2024/texmf-dist/tex/generic/iftex/iftex.sty
Package: iftex 2022/02/03 v1.0f TeX engine tests
) (/usr/local/texlive/2024/texmf-dist/tex/latex/kvsetkeys/kvsetkeys.sty
Package: kvsetkeys 2022-10-05 v1.19 Key value parser (HO)
) (/usr/local/texlive/2024/texmf-dist/tex/generic/kvdefinekeys/kvdefinekeys.sty
Package: kvdefinekeys 2019-12-19 v1.6 Define keys (HO)
) (/usr/local/texlive/2024/texmf-dist/tex/generic/pdfescape/pdfescape.sty
Package: pdfescape 2019/12/09 v1.15 Implements pdfTeX's escape features (HO)
 (/usr/local/texlive/2024/texmf-dist/tex/generic/ltxcmds/ltxcmds.sty
Package: ltxcmds 2023-12-04 v1.26 LaTeX kernel commands for general use (HO)
) (/usr/local/texlive/2024/texmf-dist/tex/generic/pdftexcmds/pdftexcmds.sty
Package: pdftexcmds 2020-06-27 v0.33 Utility functions of pdfTeX for LuaTeX (HO)
 (/usr/local/texlive/2024/texmf-dist/tex/generic/infwarerr/infwarerr.sty
Package: infwarerr 2019/12/03 v1.5 Providing info/warning/error messages (HO)
)
Package pdftexcmds Info: \pdf@primitive is available.
Package pdftexcmds Info: \pdf@ifprimitive is available.
Package pdftexcmds Info: \pdfdraftmode found.
)) (/usr/local/texlive/2024/texmf-dist/tex/latex/hycolor/hycolor.sty
Package: hycolor 2020-01-27 v1.10 Color options for hyperref/bookmark (HO)
) (/usr/local/texlive/2024/texmf-dist/tex/latex/hyperref/nameref.sty
Package: nameref 2023-11-26 v2.56 Cross-referencing by name of section
 (/usr/local/texlive/2024/texmf-dist/tex/latex/refcount/refcount.sty
Package: refcount 2019/12/15 v3.6 Data extraction from label references (HO)
) (/usr/local/texlive/2024/texmf-dist/tex/generic/gettitlestring/gettitlestring.sty
Package: gettitlestring 2019/12/15 v1.6 Cleanup title references (HO)
 (/usr/local/texlive/2024/texmf-dist/tex/latex/kvoptions/kvoptions.sty
Package: kvoptions 2022-06-15 v3.15 Key value format for package options (HO)
))
\c@section@level=\count268
) (/usr/local/texlive/2024/texmf-dist/tex/latex/etoolbox/etoolbox.sty
Package: etoolbox 2020/10/05 v2.5k e-TeX tools for LaTeX (JAW)
\etb@tempcnta=\count269
) (/usr/local/texlive/2024/texmf-dist/tex/generic/stringenc/stringenc.sty
Package: stringenc 2019/11/29 v1.12 Convert strings between diff. encodings (HO)
)
\@linkdim=\dimen144
\Hy@linkcounter=\count270
\Hy@pagecounter=\count271
 (/usr/local/texlive/2024/texmf-dist/tex/latex/hyperref/pd1enc.def
File: pd1enc.def 2024-07-10 v7.01j Hyperref: PDFDocEncoding definition (HO)
Now handling font encoding PD1 ...
... no UTF-8 mapping file for font encoding PD1
) (/usr/local/texlive/2024/texmf-dist/tex/generic/intcalc/intcalc.sty
Package: intcalc 2019/12/15 v1.3 Expandable calculations with integers (HO)
)
\Hy@SavedSpaceFactor=\count272
 (/usr/local/texlive/2024/texmf-dist/tex/latex/hyperref/puenc.def
File: puenc.def 2024-07-10 v7.01j Hyperref: PDF Unicode definition (HO)
Now handling font encoding PU ...
... no UTF-8 mapping file for font encoding PU
)
Package hyperref Info: Hyper figures OFF on input line 4157.
Package hyperref Info: Link nesting OFF on input line 4162.
Package hyperref Info: Hyper index ON on input line 4165.
Package hyperref Info: Plain pages OFF on input line 4172.
Package hyperref Info: Backreferencing OFF on input line 4177.
Package hyperref Info: Implicit mode ON; LaTeX internals redefined.
Package hyperref Info: Bookmarks ON on input line 4424.
\c@Hy@tempcnt=\count273
 (/usr/local/texlive/2024/texmf-dist/tex/latex/url/url.sty
\Urlmuskip=\muskip17
Package: url 2013/09/16  ver 3.4  Verb mode for urls, etc.
)
LaTeX Info: Redefining \url on input line 4763.
\XeTeXLinkMargin=\dimen145
 (/usr/local/texlive/2024/texmf-dist/tex/generic/bitset/bitset.sty
Package: bitset 2019/12/09 v1.3 Handle bit-vector datatype (HO)
 (/usr/local/texlive/2024/texmf-dist/tex/generic/bigintcalc/bigintcalc.sty
Package: bigintcalc 2019/12/15 v1.5 Expandable calculations on big integers (HO)
))
\Fld@menulength=\count274
\Field@Width=\dimen146
\Fld@charsize=\dimen147
Package hyperref Info: Hyper figures OFF on input line 6042.
Package hyperref Info: Link nesting OFF on input line 6047.
Package hyperref Info: Hyper index ON on input line 6050.
Package hyperref Info: backreferencing OFF on input line 6057.
Package hyperref Info: Link coloring OFF on input line 6062.
Package hyperref Info: Link coloring with OCG OFF on input line 6067.
Package hyperref Info: PDF/A mode OFF on input line 6072.
 (/usr/local/texlive/2024/texmf-dist/tex/latex/base/atbegshi-ltx.sty
Package: atbegshi-ltx 2021/01/10 v1.0c Emulation of the original atbegshi
package with kernel methods
)
\Hy@abspage=\count275
\c@Item=\count276
\c@Hfootnote=\count277
)
Package hyperref Info: Driver (autodetected): hpdftex.
 (/usr/local/texlive/2024/texmf-dist/tex/latex/hyperref/hpdftex.def
File: hpdftex.def 2024-07-10 v7.01j Hyperref driver for pdfTeX
 (/usr/local/texlive/2024/texmf-dist/tex/latex/base/atveryend-ltx.sty
Package: atveryend-ltx 2020/08/19 v1.0a Emulation of the original atveryend package
with kernel methods
)
\Fld@listcount=\count278
\c@bookmark@seq@number=\count279
 (/usr/local/texlive/2024/texmf-dist/tex/latex/rerunfilecheck/rerunfilecheck.sty
Package: rerunfilecheck 2022-07-10 v1.10 Rerun checks for auxiliary files (HO)
 (/usr/local/texlive/2024/texmf-dist/tex/generic/uniquecounter/uniquecounter.sty
Package: uniquecounter 2019/12/15 v1.4 Provide unlimited unique counter (HO)
)
Package uniquecounter Info: New unique counter `rerunfilecheck' on input line 285.
)
\Hy@SectionHShift=\skip51
) (/usr/local/texlive/2024/texmf-dist/tex/latex/amsmath/amsmath.sty
Package: amsmath 2024/05/23 v2.17q AMS math features
\@mathmargin=\skip52

For additional information on amsmath, use the `?' option.
(/usr/local/texlive/2024/texmf-dist/tex/latex/amsmath/amstext.sty
Package: amstext 2021/08/26 v2.01 AMS text
 (/usr/local/texlive/2024/texmf-dist/tex/latex/amsmath/amsgen.sty
File: amsgen.sty 1999/11/30 v2.0 generic functions
\@emptytoks=\toks20
\ex@=\dimen148
)) (/usr/local/texlive/2024/texmf-dist/tex/latex/amsmath/amsbsy.sty
Package: amsbsy 1999/11/29 v1.2d Bold Symbols
\pmbraise@=\dimen149
) (/usr/local/texlive/2024/texmf-dist/tex/latex/amsmath/amsopn.sty
Package: amsopn 2022/04/08 v2.04 operator names
)
\inf@bad=\count280
LaTeX Info: Redefining \frac on input line 233.
\uproot@=\count281
\leftroot@=\count282
LaTeX Info: Redefining \overline on input line 398.
LaTeX Info: Redefining \colon on input line 409.
\classnum@=\count283
\DOTSCASE@=\count284
LaTeX Info: Redefining \ldots on input line 495.
LaTeX Info: Redefining \dots on input line 498.
LaTeX Info: Redefining \cdots on input line 619.
\Mathstrutbox@=\box52
\strutbox@=\box53
LaTeX Info: Redefining \big on input line 721.
LaTeX Info: Redefining \Big on input line 722.
LaTeX Info: Redefining \bigg on input line 723.
LaTeX Info: Redefining \Bigg on input line 724.
\big@size=\dimen150
LaTeX Font Info:    Redeclaring font encoding OML on input line 742.
LaTeX Font Info:    Redeclaring font encoding OMS on input line 743.
\macc@depth=\count285
LaTeX Info: Redefining \bmod on input line 904.
LaTeX Info: Redefining \pmod on input line 909.
LaTeX Info: Redefining \smash on input line 939.
LaTeX Info: Redefining \relbar on input line 969.
LaTeX Info: Redefining \Relbar on input line 970.
\c@MaxMatrixCols=\count286
\dotsspace@=\muskip18
\c@parentequation=\count287
\dspbrk@lvl=\count288
\tag@help=\toks21
\row@=\count289
\column@=\count290
\maxfields@=\count291
\andhelp@=\toks22
\eqnshift@=\dimen151
\alignsep@=\dimen152
\tagshift@=\dimen153
\tagwidth@=\dimen154
\totwidth@=\dimen155
\lineht@=\dimen156
\@envbody=\toks23
\multlinegap=\skip53
\multlinetaggap=\skip54
\mathdisplay@stack=\toks24
LaTeX Info: Redefining \[ on input line 2953.
LaTeX Info: Redefining \] on input line 2954.
) (/usr/local/texlive/2024/texmf-dist/tex/latex/amsfonts/amsfonts.sty
Package: amsfonts 2013/01/14 v3.01 Basic AMSFonts support
\symAMSa=\mathgroup4
\symAMSb=\mathgroup5
LaTeX Font Info:    Redeclaring math symbol \hbar on input line 98.
LaTeX Font Info:    Overwriting math alphabet `\mathfrak' in version `bold'
(Font)                  U/euf/m/n --> U/euf/b/n on input line 106.
) (/usr/local/texlive/2024/texmf-dist/tex/latex/epstopdf-pkg/epstopdf.sty
Package: epstopdf 2020-01-24 v2.11 Conversion with epstopdf on the fly (HO)
 (/usr/local/texlive/2024/texmf-dist/tex/latex/grfext/grfext.sty
Package: grfext 2019/12/03 v1.3 Manage graphics extensions (HO)
) (/usr/local/texlive/2024/texmf-dist/tex/latex/epstopdf-pkg/epstopdf-base.sty
Package: epstopdf-base 2020-01-24 v2.11 Base part for package epstopdf
Package epstopdf-base Info: Redefining graphics rule for `.eps' on input line 485.
Package grfext Info: Graphics extension search list:
(grfext)             [.pdf,.png,.jpg,.mps,.jpeg,.jbig2,.jb2,.PDF,.PNG,.JPG,.JPEG,.JBIG2,.JB2,.eps]
(grfext)             \AppendGraphicsExtensions on input line 504.
 (/usr/local/texlive/2024/texmf-dist/tex/latex/latexconfig/epstopdf-sys.cfg
File: epstopdf-sys.cfg 2010/07/13 v1.3 Configuration of (r)epstopdf for TeX Live
))) (/usr/local/texlive/2024/texmf-dist/tex/latex/xcolor/xcolor.sty
Package: xcolor 2023/11/15 v3.01 LaTeX color extensions (UK)
 (/usr/local/texlive/2024/texmf-dist/tex/latex/graphics-cfg/color.cfg
File: color.cfg 2016/01/02 v1.6 sample color configuration
)
Package xcolor Info: Driver file: pdftex.def on input line 274.
LaTeX Info: Redefining \color on input line 758.
 (/usr/local/texlive/2024/texmf-dist/tex/latex/graphics/mathcolor.ltx)
Package xcolor Info: Model `cmy' substituted by `cmy0' on input line 1350.
Package xcolor Info: Model `hsb' substituted by `rgb' on input line 1354.
Package xcolor Info: Model `RGB' extended on input line 1366.
Package xcolor Info: Model `HTML' substituted by `rgb' on input line 1368.
Package xcolor Info: Model `Hsb' substituted by `hsb' on input line 1369.
Package xcolor Info: Model `tHsb' substituted by `hsb' on input line 1370.
Package xcolor Info: Model `HSB' substituted by `hsb' on input line 1371.
Package xcolor Info: Model `Gray' substituted by `gray' on input line 1372.
Package xcolor Info: Model `wave' substituted by `hsb' on input line 1373.
) (/usr/local/texlive/2024/texmf-dist/tex/latex/colortbl/colortbl.sty
Package: colortbl 2024/07/06 v1.0i Color table columns (DPC)
 (/usr/local/texlive/2024/texmf-dist/tex/latex/tools/array.sty
Package: array 2024/06/14 v2.6d Tabular extension package (FMi)
\col@sep=\dimen157
\ar@mcellbox=\box54
\extrarowheight=\dimen158
\NC@list=\toks25
\extratabsurround=\skip55
\backup@length=\skip56
\ar@cellbox=\box55
)
\everycr=\toks26
\minrowclearance=\skip57
\rownum=\count292
) (./matlab.sty
Package: matlab 
 (/usr/local/texlive/2024/texmf-dist/tex/latex/tools/verbatim.sty
Package: verbatim 2024-01-22 v1.5x LaTeX2e package for verbatim enhancements
\every@verbatim=\toks27
\verbatim@line=\toks28
\verbatim@in@stream=\read2
) (/usr/local/texlive/2024/texmf-dist/tex/latex/fancyvrb/fancyvrb.sty
Package: fancyvrb 2024/01/20 4.5c verbatim text (tvz,hv)
\FV@CodeLineNo=\count293
\FV@InFile=\read3
\FV@TabBox=\box56
\c@FancyVerbLine=\count294
\FV@StepNumber=\count295
\FV@OutFile=\write3
) (/usr/local/texlive/2024/texmf-dist/tex/latex/base/alltt.sty
Package: alltt 2024/02/08 v2.0g defines alltt environment
) (/usr/local/texlive/2024/texmf-dist/tex/latex/upquote/upquote.sty
Package: upquote 2012/04/19 v1.3 upright-quote and grave-accent glyphs in verbatim
 (/usr/local/texlive/2024/texmf-dist/tex/latex/base/textcomp.sty
Package: textcomp 2024/04/24 v2.1b Standard LaTeX package
)) (/usr/local/texlive/2024/texmf-dist/tex/latex/mdframed/mdframed.sty
Package: mdframed 2013/07/01 1.9b: mdframed
 (/usr/local/texlive/2024/texmf-dist/tex/latex/l3packages/xparse/xparse.sty (/usr/local/texlive/2024/texmf-dist/tex/latex/l3kernel/expl3.sty
Package: expl3 2024-08-30 L3 programming layer (loader) 
 (/usr/local/texlive/2024/texmf-dist/tex/latex/l3backend/l3backend-pdftex.def
File: l3backend-pdftex.def 2024-05-08 L3 backend support: PDF output (pdfTeX)
\l__color_backend_stack_int=\count296
\l__pdf_internal_box=\box57
))
Package: xparse 2024-08-16 L3 Experimental document command parser
) (/usr/local/texlive/2024/texmf-dist/tex/latex/zref/zref-abspage.sty
Package: zref-abspage 2023-09-14 v2.35 Module abspage for zref (HO)
 (/usr/local/texlive/2024/texmf-dist/tex/latex/zref/zref-base.sty
Package: zref-base 2023-09-14 v2.35 Module base for zref (HO)
 (/usr/local/texlive/2024/texmf-dist/tex/generic/etexcmds/etexcmds.sty
Package: etexcmds 2019/12/15 v1.7 Avoid name clashes with e-TeX commands (HO)
) (/usr/local/texlive/2024/texmf-dist/tex/latex/auxhook/auxhook.sty
Package: auxhook 2019-12-17 v1.6 Hooks for auxiliary files (HO)
)
Package zref Info: New property list: main on input line 767.
Package zref Info: New property: default on input line 768.
Package zref Info: New property: page on input line 769.
)
\c@abspage=\count297
Package zref Info: New property: abspage on input line 67.
) (/usr/local/texlive/2024/texmf-dist/tex/latex/needspace/needspace.sty
Package: needspace 2010/09/12 v1.3d reserve vertical space
)
\mdf@templength=\skip58
\c@mdf@globalstyle@cnt=\count298
\mdf@skipabove@length=\skip59
\mdf@skipbelow@length=\skip60
\mdf@leftmargin@length=\skip61
\mdf@rightmargin@length=\skip62
\mdf@innerleftmargin@length=\skip63
\mdf@innerrightmargin@length=\skip64
\mdf@innertopmargin@length=\skip65
\mdf@innerbottommargin@length=\skip66
\mdf@splittopskip@length=\skip67
\mdf@splitbottomskip@length=\skip68
\mdf@outermargin@length=\skip69
\mdf@innermargin@length=\skip70
\mdf@linewidth@length=\skip71
\mdf@innerlinewidth@length=\skip72
\mdf@middlelinewidth@length=\skip73
\mdf@outerlinewidth@length=\skip74
\mdf@roundcorner@length=\skip75
\mdf@footenotedistance@length=\skip76
\mdf@userdefinedwidth@length=\skip77
\mdf@needspace@length=\skip78
\mdf@frametitleaboveskip@length=\skip79
\mdf@frametitlebelowskip@length=\skip80
\mdf@frametitlerulewidth@length=\skip81
\mdf@frametitleleftmargin@length=\skip82
\mdf@frametitlerightmargin@length=\skip83
\mdf@shadowsize@length=\skip84
\mdf@extratopheight@length=\skip85
\mdf@subtitleabovelinewidth@length=\skip86
\mdf@subtitlebelowlinewidth@length=\skip87
\mdf@subtitleaboveskip@length=\skip88
\mdf@subtitlebelowskip@length=\skip89
\mdf@subtitleinneraboveskip@length=\skip90
\mdf@subtitleinnerbelowskip@length=\skip91
\mdf@subsubtitleabovelinewidth@length=\skip92
\mdf@subsubtitlebelowlinewidth@length=\skip93
\mdf@subsubtitleaboveskip@length=\skip94
\mdf@subsubtitlebelowskip@length=\skip95
\mdf@subsubtitleinneraboveskip@length=\skip96
\mdf@subsubtitleinnerbelowskip@length=\skip97
 (/usr/local/texlive/2024/texmf-dist/tex/latex/pgf/frontendlayer/tikz.sty (/usr/local/texlive/2024/texmf-dist/tex/latex/pgf/basiclayer/pgf.sty (/usr/local/texlive/2024/texmf-dist/tex/latex/pgf/utilities/pgfrcs.sty (/usr/local/texlive/2024/texmf-dist/tex/generic/pgf/utilities/pgfutil-common.tex
\pgfutil@everybye=\toks29
\pgfutil@tempdima=\dimen159
\pgfutil@tempdimb=\dimen160
) (/usr/local/texlive/2024/texmf-dist/tex/generic/pgf/utilities/pgfutil-latex.def
\pgfutil@abb=\box58
) (/usr/local/texlive/2024/texmf-dist/tex/generic/pgf/utilities/pgfrcs.code.tex (/usr/local/texlive/2024/texmf-dist/tex/generic/pgf/pgf.revision.tex)
Package: pgfrcs 2023-01-15 v3.1.10 (3.1.10)
))
Package: pgf 2023-01-15 v3.1.10 (3.1.10)
 (/usr/local/texlive/2024/texmf-dist/tex/latex/pgf/basiclayer/pgfcore.sty (/usr/local/texlive/2024/texmf-dist/tex/latex/pgf/systemlayer/pgfsys.sty (/usr/local/texlive/2024/texmf-dist/tex/generic/pgf/systemlayer/pgfsys.code.tex
Package: pgfsys 2023-01-15 v3.1.10 (3.1.10)
 (/usr/local/texlive/2024/texmf-dist/tex/generic/pgf/utilities/pgfkeys.code.tex
\pgfkeys@pathtoks=\toks30
\pgfkeys@temptoks=\toks31
 (/usr/local/texlive/2024/texmf-dist/tex/generic/pgf/utilities/pgfkeyslibraryfiltered.code.tex
\pgfkeys@tmptoks=\toks32
))
\pgf@x=\dimen161
\pgf@y=\dimen162
\pgf@xa=\dimen163
\pgf@ya=\dimen164
\pgf@xb=\dimen165
\pgf@yb=\dimen166
\pgf@xc=\dimen167
\pgf@yc=\dimen168
\pgf@xd=\dimen169
\pgf@yd=\dimen170
\w@pgf@writea=\write4
\r@pgf@reada=\read4
\c@pgf@counta=\count299
\c@pgf@countb=\count300
\c@pgf@countc=\count301
\c@pgf@countd=\count302
\t@pgf@toka=\toks33
\t@pgf@tokb=\toks34
\t@pgf@tokc=\toks35
\pgf@sys@id@count=\count303
 (/usr/local/texlive/2024/texmf-dist/tex/generic/pgf/systemlayer/pgf.cfg
File: pgf.cfg 2023-01-15 v3.1.10 (3.1.10)
)
Driver file for pgf: pgfsys-pdftex.def
 (/usr/local/texlive/2024/texmf-dist/tex/generic/pgf/systemlayer/pgfsys-pdftex.def
File: pgfsys-pdftex.def 2023-01-15 v3.1.10 (3.1.10)
 (/usr/local/texlive/2024/texmf-dist/tex/generic/pgf/systemlayer/pgfsys-common-pdf.def
File: pgfsys-common-pdf.def 2023-01-15 v3.1.10 (3.1.10)
))) (/usr/local/texlive/2024/texmf-dist/tex/generic/pgf/systemlayer/pgfsyssoftpath.code.tex
File: pgfsyssoftpath.code.tex 2023-01-15 v3.1.10 (3.1.10)
\pgfsyssoftpath@smallbuffer@items=\count304
\pgfsyssoftpath@bigbuffer@items=\count305
) (/usr/local/texlive/2024/texmf-dist/tex/generic/pgf/systemlayer/pgfsysprotocol.code.tex
File: pgfsysprotocol.code.tex 2023-01-15 v3.1.10 (3.1.10)
)) (/usr/local/texlive/2024/texmf-dist/tex/generic/pgf/basiclayer/pgfcore.code.tex
Package: pgfcore 2023-01-15 v3.1.10 (3.1.10)
 (/usr/local/texlive/2024/texmf-dist/tex/generic/pgf/math/pgfmath.code.tex (/usr/local/texlive/2024/texmf-dist/tex/generic/pgf/math/pgfmathutil.code.tex) (/usr/local/texlive/2024/texmf-dist/tex/generic/pgf/math/pgfmathparser.code.tex
\pgfmath@dimen=\dimen171
\pgfmath@count=\count306
\pgfmath@box=\box59
\pgfmath@toks=\toks36
\pgfmath@stack@operand=\toks37
\pgfmath@stack@operation=\toks38
) (/usr/local/texlive/2024/texmf-dist/tex/generic/pgf/math/pgfmathfunctions.code.tex) (/usr/local/texlive/2024/texmf-dist/tex/generic/pgf/math/pgfmathfunctions.basic.code.tex) (/usr/local/texlive/2024/texmf-dist/tex/generic/pgf/math/pgfmathfunctions.trigonometric.code.tex) (/usr/local/texlive/2024/texmf-dist/tex/generic/pgf/math/pgfmathfunctions.random.code.tex) (/usr/local/texlive/2024/texmf-dist/tex/generic/pgf/math/pgfmathfunctions.comparison.code.tex) (/usr/local/texlive/2024/texmf-dist/tex/generic/pgf/math/pgfmathfunctions.base.code.tex) (/usr/local/texlive/2024/texmf-dist/tex/generic/pgf/math/pgfmathfunctions.round.code.tex) (/usr/local/texlive/2024/texmf-dist/tex/generic/pgf/math/pgfmathfunctions.misc.code.tex) (/usr/local/texlive/2024/texmf-dist/tex/generic/pgf/math/pgfmathfunctions.integerarithmetics.code.tex) (/usr/local/texlive/2024/texmf-dist/tex/generic/pgf/math/pgfmathcalc.code.tex) (/usr/local/texlive/2024/texmf-dist/tex/generic/pgf/math/pgfmathfloat.code.tex
\c@pgfmathroundto@lastzeros=\count307
)) (/usr/local/texlive/2024/texmf-dist/tex/generic/pgf/math/pgfint.code.tex) (/usr/local/texlive/2024/texmf-dist/tex/generic/pgf/basiclayer/pgfcorepoints.code.tex
File: pgfcorepoints.code.tex 2023-01-15 v3.1.10 (3.1.10)
\pgf@picminx=\dimen172
\pgf@picmaxx=\dimen173
\pgf@picminy=\dimen174
\pgf@picmaxy=\dimen175
\pgf@pathminx=\dimen176
\pgf@pathmaxx=\dimen177
\pgf@pathminy=\dimen178
\pgf@pathmaxy=\dimen179
\pgf@xx=\dimen180
\pgf@xy=\dimen181
\pgf@yx=\dimen182
\pgf@yy=\dimen183
\pgf@zx=\dimen184
\pgf@zy=\dimen185
) (/usr/local/texlive/2024/texmf-dist/tex/generic/pgf/basiclayer/pgfcorepathconstruct.code.tex
File: pgfcorepathconstruct.code.tex 2023-01-15 v3.1.10 (3.1.10)
\pgf@path@lastx=\dimen186
\pgf@path@lasty=\dimen187
) (/usr/local/texlive/2024/texmf-dist/tex/generic/pgf/basiclayer/pgfcorepathusage.code.tex
File: pgfcorepathusage.code.tex 2023-01-15 v3.1.10 (3.1.10)
\pgf@shorten@end@additional=\dimen188
\pgf@shorten@start@additional=\dimen189
) (/usr/local/texlive/2024/texmf-dist/tex/generic/pgf/basiclayer/pgfcorescopes.code.tex
File: pgfcorescopes.code.tex 2023-01-15 v3.1.10 (3.1.10)
\pgfpic=\box60
\pgf@hbox=\box61
\pgf@layerbox@main=\box62
\pgf@picture@serial@count=\count308
) (/usr/local/texlive/2024/texmf-dist/tex/generic/pgf/basiclayer/pgfcoregraphicstate.code.tex
File: pgfcoregraphicstate.code.tex 2023-01-15 v3.1.10 (3.1.10)
\pgflinewidth=\dimen190
) (/usr/local/texlive/2024/texmf-dist/tex/generic/pgf/basiclayer/pgfcoretransformations.code.tex
File: pgfcoretransformations.code.tex 2023-01-15 v3.1.10 (3.1.10)
\pgf@pt@x=\dimen191
\pgf@pt@y=\dimen192
\pgf@pt@temp=\dimen193
) (/usr/local/texlive/2024/texmf-dist/tex/generic/pgf/basiclayer/pgfcorequick.code.tex
File: pgfcorequick.code.tex 2023-01-15 v3.1.10 (3.1.10)
) (/usr/local/texlive/2024/texmf-dist/tex/generic/pgf/basiclayer/pgfcoreobjects.code.tex
File: pgfcoreobjects.code.tex 2023-01-15 v3.1.10 (3.1.10)
) (/usr/local/texlive/2024/texmf-dist/tex/generic/pgf/basiclayer/pgfcorepathprocessing.code.tex
File: pgfcorepathprocessing.code.tex 2023-01-15 v3.1.10 (3.1.10)
) (/usr/local/texlive/2024/texmf-dist/tex/generic/pgf/basiclayer/pgfcorearrows.code.tex
File: pgfcorearrows.code.tex 2023-01-15 v3.1.10 (3.1.10)
\pgfarrowsep=\dimen194
) (/usr/local/texlive/2024/texmf-dist/tex/generic/pgf/basiclayer/pgfcoreshade.code.tex
File: pgfcoreshade.code.tex 2023-01-15 v3.1.10 (3.1.10)
\pgf@max=\dimen195
\pgf@sys@shading@range@num=\count309
\pgf@shadingcount=\count310
) (/usr/local/texlive/2024/texmf-dist/tex/generic/pgf/basiclayer/pgfcoreimage.code.tex
File: pgfcoreimage.code.tex 2023-01-15 v3.1.10 (3.1.10)
) (/usr/local/texlive/2024/texmf-dist/tex/generic/pgf/basiclayer/pgfcoreexternal.code.tex
File: pgfcoreexternal.code.tex 2023-01-15 v3.1.10 (3.1.10)
\pgfexternal@startupbox=\box63
) (/usr/local/texlive/2024/texmf-dist/tex/generic/pgf/basiclayer/pgfcorelayers.code.tex
File: pgfcorelayers.code.tex 2023-01-15 v3.1.10 (3.1.10)
) (/usr/local/texlive/2024/texmf-dist/tex/generic/pgf/basiclayer/pgfcoretransparency.code.tex
File: pgfcoretransparency.code.tex 2023-01-15 v3.1.10 (3.1.10)
) (/usr/local/texlive/2024/texmf-dist/tex/generic/pgf/basiclayer/pgfcorepatterns.code.tex
File: pgfcorepatterns.code.tex 2023-01-15 v3.1.10 (3.1.10)
) (/usr/local/texlive/2024/texmf-dist/tex/generic/pgf/basiclayer/pgfcorerdf.code.tex
File: pgfcorerdf.code.tex 2023-01-15 v3.1.10 (3.1.10)
))) (/usr/local/texlive/2024/texmf-dist/tex/generic/pgf/modules/pgfmoduleshapes.code.tex
File: pgfmoduleshapes.code.tex 2023-01-15 v3.1.10 (3.1.10)
\pgfnodeparttextbox=\box64
) (/usr/local/texlive/2024/texmf-dist/tex/generic/pgf/modules/pgfmoduleplot.code.tex
File: pgfmoduleplot.code.tex 2023-01-15 v3.1.10 (3.1.10)
) (/usr/local/texlive/2024/texmf-dist/tex/latex/pgf/compatibility/pgfcomp-version-0-65.sty
Package: pgfcomp-version-0-65 2023-01-15 v3.1.10 (3.1.10)
\pgf@nodesepstart=\dimen196
\pgf@nodesepend=\dimen197
) (/usr/local/texlive/2024/texmf-dist/tex/latex/pgf/compatibility/pgfcomp-version-1-18.sty
Package: pgfcomp-version-1-18 2023-01-15 v3.1.10 (3.1.10)
)) (/usr/local/texlive/2024/texmf-dist/tex/latex/pgf/utilities/pgffor.sty (/usr/local/texlive/2024/texmf-dist/tex/latex/pgf/utilities/pgfkeys.sty (/usr/local/texlive/2024/texmf-dist/tex/generic/pgf/utilities/pgfkeys.code.tex)) (/usr/local/texlive/2024/texmf-dist/tex/latex/pgf/math/pgfmath.sty (/usr/local/texlive/2024/texmf-dist/tex/generic/pgf/math/pgfmath.code.tex)) (/usr/local/texlive/2024/texmf-dist/tex/generic/pgf/utilities/pgffor.code.tex
Package: pgffor 2023-01-15 v3.1.10 (3.1.10)
\pgffor@iter=\dimen198
\pgffor@skip=\dimen199
\pgffor@stack=\toks39
\pgffor@toks=\toks40
)) (/usr/local/texlive/2024/texmf-dist/tex/generic/pgf/frontendlayer/tikz/tikz.code.tex
Package: tikz 2023-01-15 v3.1.10 (3.1.10)
 (/usr/local/texlive/2024/texmf-dist/tex/generic/pgf/libraries/pgflibraryplothandlers.code.tex
File: pgflibraryplothandlers.code.tex 2023-01-15 v3.1.10 (3.1.10)
\pgf@plot@mark@count=\count311
\pgfplotmarksize=\dimen256
)
\tikz@lastx=\dimen257
\tikz@lasty=\dimen258
\tikz@lastxsaved=\dimen259
\tikz@lastysaved=\dimen260
\tikz@lastmovetox=\dimen261
\tikz@lastmovetoy=\dimen262
\tikzleveldistance=\dimen263
\tikzsiblingdistance=\dimen264
\tikz@figbox=\box65
\tikz@figbox@bg=\box66
\tikz@tempbox=\box67
\tikz@tempbox@bg=\box68
\tikztreelevel=\count312
\tikznumberofchildren=\count313
\tikznumberofcurrentchild=\count314
\tikz@fig@count=\count315
 (/usr/local/texlive/2024/texmf-dist/tex/generic/pgf/modules/pgfmodulematrix.code.tex
File: pgfmodulematrix.code.tex 2023-01-15 v3.1.10 (3.1.10)
\pgfmatrixcurrentrow=\count316
\pgfmatrixcurrentcolumn=\count317
\pgf@matrix@numberofcolumns=\count318
)
\tikz@expandcount=\count319
 (/usr/local/texlive/2024/texmf-dist/tex/generic/pgf/frontendlayer/tikz/libraries/tikzlibrarytopaths.code.tex
File: tikzlibrarytopaths.code.tex 2023-01-15 v3.1.10 (3.1.10)
))) (/usr/local/texlive/2024/texmf-dist/tex/latex/mdframed/md-frame-1.mdf
File: md-frame-1.mdf 2013/07/01\ 1.9b: md-frame-1
)
\mdf@frametitlebox=\box69
\mdf@footnotebox=\box70
\mdf@splitbox@one=\box71
\mdf@splitbox@two=\box72
\mdf@splitbox@save=\box73
\mdfsplitboxwidth=\skip98
\mdfsplitboxtotalwidth=\skip99
\mdfsplitboxheight=\skip100
\mdfsplitboxdepth=\skip101
\mdfsplitboxtotalheight=\skip102
\mdfframetitleboxwidth=\skip103
\mdfframetitleboxtotalwidth=\skip104
\mdfframetitleboxheight=\skip105
\mdfframetitleboxdepth=\skip106
\mdfframetitleboxtotalheight=\skip107
\mdffootnoteboxwidth=\skip108
\mdffootnoteboxtotalwidth=\skip109
\mdffootnoteboxheight=\skip110
\mdffootnoteboxdepth=\skip111
\mdffootnoteboxtotalheight=\skip112
\mdftotallinewidth=\skip113
\mdfboundingboxwidth=\skip114
\mdfboundingboxtotalwidth=\skip115
\mdfboundingboxheight=\skip116
\mdfboundingboxdepth=\skip117
\mdfboundingboxtotalheight=\skip118
\mdf@freevspace@length=\skip119
\mdf@horizontalwidthofbox@length=\skip120
\mdf@verticalmarginwhole@length=\skip121
\mdf@horizontalspaceofbox=\skip122
\mdfsubtitleheight=\skip123
\mdfsubsubtitleheight=\skip124
\c@mdfcountframes=\count320

****** mdframed patching \endmdf@trivlist

****** -- success******

\mdf@envdepth=\count321
\c@mdf@env@i=\count322
\c@mdf@env@ii=\count323
\c@mdf@zref@counter=\count324
Package zref Info: New property: mdf@pagevalue on input line 895.
)
   defining Unicode char U+B0 (decimal 176)
   defining Unicode char U+21B5 (decimal 8629)
Package hyperref Info: Option `colorlinks' set `true' on input line 30.
\c@multititle=\count325
\c@hastoc=\count326
) (/usr/local/texlive/2024/texmf-dist/tex/latex/geometry/geometry.sty
Package: geometry 2020/01/02 v5.9 Page Geometry
 (/usr/local/texlive/2024/texmf-dist/tex/generic/iftex/ifvtex.sty
Package: ifvtex 2019/10/25 v1.7 ifvtex legacy package. Use iftex instead.
)
\Gm@cnth=\count327
\Gm@cntv=\count328
\c@Gm@tempcnt=\count329
\Gm@bindingoffset=\dimen265
\Gm@wd@mp=\dimen266
\Gm@odd@mp=\dimen267
\Gm@even@mp=\dimen268
\Gm@layoutwidth=\dimen269
\Gm@layoutheight=\dimen270
\Gm@layouthoffset=\dimen271
\Gm@layoutvoffset=\dimen272
\Gm@dimlist=\toks41
)
LaTeX Font Info:    Trying to load font information for T1+lmr on input line 23.
 (/usr/local/texlive/2024/texmf-dist/tex/latex/lm/t1lmr.fd
File: t1lmr.fd 2015/05/01 v1.6.1 Font defs for Latin Modern
)
No file QGLABtutorial.aux.
\openout1 = `QGLABtutorial.aux'.

LaTeX Font Info:    Checking defaults for OML/cmm/m/it on input line 23.
LaTeX Font Info:    ... okay on input line 23.
LaTeX Font Info:    Checking defaults for OMS/cmsy/m/n on input line 23.
LaTeX Font Info:    ... okay on input line 23.
LaTeX Font Info:    Checking defaults for OT1/cmr/m/n on input line 23.
LaTeX Font Info:    ... okay on input line 23.
LaTeX Font Info:    Checking defaults for T1/cmr/m/n on input line 23.
LaTeX Font Info:    ... okay on input line 23.
LaTeX Font Info:    Checking defaults for TS1/cmr/m/n on input line 23.
LaTeX Font Info:    ... okay on input line 23.
LaTeX Font Info:    Checking defaults for OMX/cmex/m/n on input line 23.
LaTeX Font Info:    ... okay on input line 23.
LaTeX Font Info:    Checking defaults for U/cmr/m/n on input line 23.
LaTeX Font Info:    ... okay on input line 23.
LaTeX Font Info:    Checking defaults for PD1/pdf/m/n on input line 23.
LaTeX Font Info:    ... okay on input line 23.
LaTeX Font Info:    Checking defaults for PU/pdf/m/n on input line 23.
LaTeX Font Info:    ... okay on input line 23.
(/usr/local/texlive/2024/texmf-dist/tex/context/base/mkii/supp-pdf.mkii
[Loading MPS to PDF converter (version 2006.09.02).]
\scratchcounter=\count330
\scratchdimen=\dimen273
\scratchbox=\box74
\nofMPsegments=\count331
\nofMParguments=\count332
\everyMPshowfont=\toks42
\MPscratchCnt=\count333
\MPscratchDim=\dimen274
\MPnumerator=\count334
\makeMPintoPDFobject=\count335
\everyMPtoPDFconversion=\toks43
)
Package hyperref Info: Link coloring ON on input line 23.
\@outlinefile=\write5
\openout5 = `QGLABtutorial.out'.


*geometry* driver: auto-detecting
*geometry* detected driver: pdftex
*geometry* verbose mode - [ preamble ] result:
* driver: pdftex
* paper: custom
* layout: <same size as paper>
* layoutoffset:(h,v)=(0.0pt,0.0pt)
* modes: heightrounded 
* h-part:(L,W,R)=(72.0pt, 470.0pt, 72.0pt)
* v-part:(T,H,B)=(72.0pt, 651.0pt, 72.0pt)
* \paperwidth=614.0pt
* \paperheight=795.0pt
* \textwidth=470.0pt
* \textheight=646.0pt
* \oddsidemargin=-0.26999pt
* \evensidemargin=-0.26999pt
* \topmargin=-37.26999pt
* \headheight=12.0pt
* \headsep=25.0pt
* \topskip=10.0pt
* \footskip=30.0pt
* \marginparwidth=65.0pt
* \marginparsep=11.0pt
* \columnsep=10.0pt
* \skip\footins=9.0pt plus 4.0pt minus 2.0pt
* \hoffset=0.0pt
* \voffset=0.0pt
* \mag=1000
* \@twocolumnfalse
* \@twosidefalse
* \@mparswitchfalse
* \@reversemarginfalse
* (1in=72.27pt=25.4mm, 1cm=28.453pt)

LaTeX Font Info:    Trying to load font information for OT1+lmr on input line 45.
(/usr/local/texlive/2024/texmf-dist/tex/latex/lm/ot1lmr.fd
File: ot1lmr.fd 2015/05/01 v1.6.1 Font defs for Latin Modern
)
LaTeX Font Info:    Trying to load font information for OML+lmm on input line 45.
 (/usr/local/texlive/2024/texmf-dist/tex/latex/lm/omllmm.fd
File: omllmm.fd 2015/05/01 v1.6.1 Font defs for Latin Modern
)
LaTeX Font Info:    Trying to load font information for OMS+lmsy on input line 45.
 (/usr/local/texlive/2024/texmf-dist/tex/latex/lm/omslmsy.fd
File: omslmsy.fd 2015/05/01 v1.6.1 Font defs for Latin Modern
)
LaTeX Font Info:    Trying to load font information for OMX+lmex on input line 45.
 (/usr/local/texlive/2024/texmf-dist/tex/latex/lm/omxlmex.fd
File: omxlmex.fd 2015/05/01 v1.6.1 Font defs for Latin Modern
)
LaTeX Font Info:    External font `lmex10' loaded for size
(Font)              <10> on input line 45.
LaTeX Font Info:    External font `lmex10' loaded for size
(Font)              <7> on input line 45.
LaTeX Font Info:    External font `lmex10' loaded for size
(Font)              <5> on input line 45.
LaTeX Font Info:    Trying to load font information for U+msa on input line 45.
 (/usr/local/texlive/2024/texmf-dist/tex/latex/amsfonts/umsa.fd
File: umsa.fd 2013/01/14 v3.01 AMS symbols A
)
LaTeX Font Info:    Trying to load font information for U+msb on input line 45.
 (/usr/local/texlive/2024/texmf-dist/tex/latex/amsfonts/umsb.fd
File: umsb.fd 2013/01/14 v3.01 AMS symbols B
)
LaTeX Font Info:    Trying to load font information for T1+lmtt on input line 81.
 (/usr/local/texlive/2024/texmf-dist/tex/latex/lm/t1lmtt.fd
File: t1lmtt.fd 2015/05/01 v1.6.1 Font defs for Latin Modern
)

[1

{/usr/local/texlive/2024/texmf-var/fonts/map/pdftex/updmap/pdftex.map}{/usr/local/texlive/2024/texmf-dist/fonts/enc/dvips/lm/lm-ec.enc}{/usr/local/texlive/2024/texmf-dist/fonts/enc/dvips/lm/lm-rm.enc}{/usr/local/texlive/2024/texmf-dist/fonts/enc/dvips/lm/lm-mathsy.enc}{/usr/local/texlive/2024/texmf-dist/fonts/enc/dvips/lm/lm-mathit.enc}{/usr/local/texlive/2024/texmf-dist/fonts/enc/dvips/lm/lm-mathex.enc}]
Package epstopdf Info: Source file: <./QGLABtutorial_media/figure_0.eps>
(epstopdf)                    date: 2024-09-19 11:36:00
(epstopdf)                    size: 17169 bytes
(epstopdf)             Output file: <./figure_0-eps-converted-to.pdf>
(epstopdf)                    date: 2024-09-19 11:48:13
(epstopdf)                    size: 17863 bytes
(epstopdf)             Command: <repstopdf --outfile=./figure_0-eps-converted-to.pdf ./QGLABtutorial_media/figure_0.eps>
(epstopdf)             \includegraphics on input line 137.
Package epstopdf Info: Output file is already uptodate.
<./figure_0-eps-converted-to.pdf, id=30, 562.1pt x 421.575pt>
File: ./figure_0-eps-converted-to.pdf Graphic file (type pdf)
<use ./figure_0-eps-converted-to.pdf>
Package pdftex.def Info: ./figure_0-eps-converted-to.pdf  used on input line 137.
(pdftex.def)             Requested size: 470.0pt x 352.49953pt.


[2 <./figure_0-eps-converted-to.pdf>]
Package epstopdf Info: Source file: <./QGLABtutorial_media/figure_1.eps>
(epstopdf)                    date: 2024-09-19 11:35:59
(epstopdf)                    size: 18034 bytes
(epstopdf)             Output file: <./figure_1-eps-converted-to.pdf>
(epstopdf)                    date: 2024-09-19 11:48:13
(epstopdf)                    size: 18821 bytes
(epstopdf)             Command: <repstopdf --outfile=./figure_1-eps-converted-to.pdf ./QGLABtutorial_media/figure_1.eps>
(epstopdf)             \includegraphics on input line 161.
Package epstopdf Info: Output file is already uptodate.
<./figure_1-eps-converted-to.pdf, id=38, 562.1pt x 421.575pt>
File: ./figure_1-eps-converted-to.pdf Graphic file (type pdf)
<use ./figure_1-eps-converted-to.pdf>
Package pdftex.def Info: ./figure_1-eps-converted-to.pdf  used on input line 161.
(pdftex.def)             Requested size: 470.0pt x 352.49953pt.
Package mdframed Info: Not enough space on this page on input line 172.


[3 <./figure_1-eps-converted-to.pdf>]
Package mdframed Info: Not enough space on this page on input line 172.
Package mdframed Info: Not enough space on this page on input line 269.


[4]
Package mdframed Info: Not enough space on this page on input line 269.


[5]
LaTeX Font Info:    Trying to load font information for TS1+lmr on input line 386.
 (/usr/local/texlive/2024/texmf-dist/tex/latex/lm/ts1lmr.fd
File: ts1lmr.fd 2015/05/01 v1.6.1 Font defs for Latin Modern
)
LaTeX Font Info:    Trying to load font information for TS1+lmtt on input line 400.
 (/usr/local/texlive/2024/texmf-dist/tex/latex/lm/ts1lmtt.fd
File: ts1lmtt.fd 2015/05/01 v1.6.1 Font defs for Latin Modern
)
Package epstopdf Info: Source file: <./QGLABtutorial_media/figure_2.eps>
(epstopdf)                    date: 2024-09-19 11:35:58
(epstopdf)                    size: 13271 bytes
(epstopdf)             Output file: <./figure_2-eps-converted-to.pdf>
(epstopdf)                    date: 2024-09-19 11:48:14
(epstopdf)                    size: 16399 bytes
(epstopdf)             Command: <repstopdf --outfile=./figure_2-eps-converted-to.pdf ./QGLABtutorial_media/figure_2.eps>
(epstopdf)             \includegraphics on input line 406.
Package epstopdf Info: Output file is already uptodate.
<./figure_2-eps-converted-to.pdf, id=55, 562.1pt x 421.575pt>
File: ./figure_2-eps-converted-to.pdf Graphic file (type pdf)
<use ./figure_2-eps-converted-to.pdf>
Package pdftex.def Info: ./figure_2-eps-converted-to.pdf  used on input line 406.
(pdftex.def)             Requested size: 470.0pt x 352.49953pt.


[6{/usr/local/texlive/2024/texmf-dist/fonts/enc/dvips/lm/lm-ts1.enc} <./figure_2-eps-converted-to.pdf>]
Package epstopdf Info: Source file: <./QGLABtutorial_media/figure_3.eps>
(epstopdf)                    date: 2024-09-19 11:35:58
(epstopdf)                    size: 15636 bytes
(epstopdf)             Output file: <./figure_3-eps-converted-to.pdf>
(epstopdf)                    date: 2024-09-19 11:48:14
(epstopdf)                    size: 18125 bytes
(epstopdf)             Command: <repstopdf --outfile=./figure_3-eps-converted-to.pdf ./QGLABtutorial_media/figure_3.eps>
(epstopdf)             \includegraphics on input line 430.
Package epstopdf Info: Output file is already uptodate.
<./figure_3-eps-converted-to.pdf, id=64, 562.1pt x 421.575pt>
File: ./figure_3-eps-converted-to.pdf Graphic file (type pdf)
<use ./figure_3-eps-converted-to.pdf>
Package pdftex.def Info: ./figure_3-eps-converted-to.pdf  used on input line 430.
(pdftex.def)             Requested size: 470.0pt x 352.49953pt.

Underfull \hbox (badness 10000) in paragraph at lines 453--455

 []



[7 <./figure_3-eps-converted-to.pdf>]
Package epstopdf Info: Source file: <./QGLABtutorial_media/figure_4.eps>
(epstopdf)                    date: 2024-09-19 11:35:57
(epstopdf)                    size: 88067 bytes
(epstopdf)             Output file: <./figure_4-eps-converted-to.pdf>
(epstopdf)                    date: 2024-09-19 11:48:14
(epstopdf)                    size: 50859 bytes
(epstopdf)             Command: <repstopdf --outfile=./figure_4-eps-converted-to.pdf ./QGLABtutorial_media/figure_4.eps>
(epstopdf)             \includegraphics on input line 461.
Package epstopdf Info: Output file is already uptodate.
<./figure_4-eps-converted-to.pdf, id=74, 562.1pt x 421.575pt>
File: ./figure_4-eps-converted-to.pdf Graphic file (type pdf)
<use ./figure_4-eps-converted-to.pdf>
Package pdftex.def Info: ./figure_4-eps-converted-to.pdf  used on input line 461.
(pdftex.def)             Requested size: 470.0pt x 352.49953pt.
Package epstopdf Info: Source file: <./QGLABtutorial_media/figure_5.eps>
(epstopdf)                    date: 2024-09-19 11:35:57
(epstopdf)                    size: 67634 bytes
(epstopdf)             Output file: <./figure_5-eps-converted-to.pdf>
(epstopdf)                    date: 2024-09-19 11:48:15
(epstopdf)                    size: 25692 bytes
(epstopdf)             Command: <repstopdf --outfile=./figure_5-eps-converted-to.pdf ./QGLABtutorial_media/figure_5.eps>
(epstopdf)             \includegraphics on input line 464.
Package epstopdf Info: Output file is already uptodate.
<./figure_5-eps-converted-to.pdf, id=75, 562.1pt x 421.575pt>
File: ./figure_5-eps-converted-to.pdf Graphic file (type pdf)
<use ./figure_5-eps-converted-to.pdf>
Package pdftex.def Info: ./figure_5-eps-converted-to.pdf  used on input line 464.
(pdftex.def)             Requested size: 470.0pt x 352.49953pt.


[8 <./figure_4-eps-converted-to.pdf>]
Package epstopdf Info: Source file: <./QGLABtutorial_media/figure_6.eps>
(epstopdf)                    date: 2024-09-19 11:35:56
(epstopdf)                    size: 57511 bytes
(epstopdf)             Output file: <./figure_6-eps-converted-to.pdf>
(epstopdf)                    date: 2024-09-19 11:48:15
(epstopdf)                    size: 7792 bytes
(epstopdf)             Command: <repstopdf --outfile=./figure_6-eps-converted-to.pdf ./QGLABtutorial_media/figure_6.eps>
(epstopdf)             \includegraphics on input line 467.
Package epstopdf Info: Output file is already uptodate.
<./figure_6-eps-converted-to.pdf, id=87, 354.32375pt x 265.99374pt>
File: ./figure_6-eps-converted-to.pdf Graphic file (type pdf)
<use ./figure_6-eps-converted-to.pdf>
Package pdftex.def Info: ./figure_6-eps-converted-to.pdf  used on input line 467.
(pdftex.def)             Requested size: 470.0pt x 352.84184pt.


[9 <./figure_5-eps-converted-to.pdf>]
Package epstopdf Info: Source file: <./QGLABtutorial_media/figure_7.eps>
(epstopdf)                    date: 2024-09-19 11:35:47
(epstopdf)                    size: 96849 bytes
(epstopdf)             Output file: <./figure_7-eps-converted-to.pdf>
(epstopdf)                    date: 2024-09-19 11:48:15
(epstopdf)                    size: 64308 bytes
(epstopdf)             Command: <repstopdf --outfile=./figure_7-eps-converted-to.pdf ./QGLABtutorial_media/figure_7.eps>
(epstopdf)             \includegraphics on input line 484.
Package epstopdf Info: Output file is already uptodate.
<./figure_7-eps-converted-to.pdf, id=98, 354.32375pt x 265.99374pt>
File: ./figure_7-eps-converted-to.pdf Graphic file (type pdf)
<use ./figure_7-eps-converted-to.pdf>
Package pdftex.def Info: ./figure_7-eps-converted-to.pdf  used on input line 484.
(pdftex.def)             Requested size: 470.0pt x 352.84184pt.


[10 <./figure_6-eps-converted-to.pdf>]
Package epstopdf Info: Source file: <./QGLABtutorial_media/figure_8.eps>
(epstopdf)                    date: 2024-09-19 11:35:47
(epstopdf)                    size: 96702 bytes
(epstopdf)             Output file: <./figure_8-eps-converted-to.pdf>
(epstopdf)                    date: 2024-09-19 11:48:16
(epstopdf)                    size: 64205 bytes
(epstopdf)             Command: <repstopdf --outfile=./figure_8-eps-converted-to.pdf ./QGLABtutorial_media/figure_8.eps>
(epstopdf)             \includegraphics on input line 487.
Package epstopdf Info: Output file is already uptodate.
<./figure_8-eps-converted-to.pdf, id=110, 354.32375pt x 265.99374pt>
File: ./figure_8-eps-converted-to.pdf Graphic file (type pdf)
<use ./figure_8-eps-converted-to.pdf>
Package pdftex.def Info: ./figure_8-eps-converted-to.pdf  used on input line 487.
(pdftex.def)             Requested size: 470.0pt x 352.84184pt.


[11 <./figure_7-eps-converted-to.pdf>]
Package epstopdf Info: Source file: <./QGLABtutorial_media/figure_9.eps>
(epstopdf)                    date: 2024-09-19 11:35:48
(epstopdf)                    size: 59485 bytes
(epstopdf)             Output file: <./figure_9-eps-converted-to.pdf>
(epstopdf)                    date: 2024-09-19 11:48:16
(epstopdf)                    size: 11813 bytes
(epstopdf)             Command: <repstopdf --outfile=./figure_9-eps-converted-to.pdf ./QGLABtutorial_media/figure_9.eps>
(epstopdf)             \includegraphics on input line 490.
Package epstopdf Info: Output file is already uptodate.
<./figure_9-eps-converted-to.pdf, id=121, 354.32375pt x 265.99374pt>
File: ./figure_9-eps-converted-to.pdf Graphic file (type pdf)
<use ./figure_9-eps-converted-to.pdf>
Package pdftex.def Info: ./figure_9-eps-converted-to.pdf  used on input line 490.
(pdftex.def)             Requested size: 470.0pt x 352.84184pt.


[12 <./figure_8-eps-converted-to.pdf>]
/Users/goodman/Documents/GitHub/Quantum-Graphs/documentation/TutorialSeptember/QGLABtutorial.tex:516: Undefined control sequence.
l.516 u({v_3 })=\sech
                      2
The control sequence at the end of the top line
of your error message was never \def'ed. If you have
misspelled it (e.g., `\hobx'), type `I' and the correct
spelling (e.g., `I\hbox'). Otherwise just continue,
and I'll forget about whatever was undefined.

/Users/goodman/Documents/GitHub/Quantum-Graphs/documentation/TutorialSeptember/QGLABtutorial.tex:529: Undefined control sequence.
l.529 ...lbrace -\sin 3x,2\cos 2x,-4,-\sin x,\sech
                                                   x-2\sech^3 x\right\rbrace...
The control sequence at the end of the top line
of your error message was never \def'ed. If you have
misspelled it (e.g., `\hobx'), type `I' and the correct
spelling (e.g., `I\hbox'). Otherwise just continue,
and I'll forget about whatever was undefined.

/Users/goodman/Documents/GitHub/Quantum-Graphs/documentation/TutorialSeptember/QGLABtutorial.tex:529: Undefined control sequence.
l.529 ...sin 3x,2\cos 2x,-4,-\sin x,\sech x-2\sech
                                                  ^3 x\right\rbrace$on the f...
The control sequence at the end of the top line
of your error message was never \def'ed. If you have
misspelled it (e.g., `\hobx'), type `I' and the correct
spelling (e.g., `I\hbox'). Otherwise just continue,
and I'll forget about whatever was undefined.

/Users/goodman/Documents/GitHub/Quantum-Graphs/documentation/TutorialSeptember/QGLABtutorial.tex:531: Undefined control sequence.
l.531 ...e \sin x,\sin^2 x,3x-2x^2 ,1+\sin x,\sech
                                                   x\right\rbrace$. \end{flu...
The control sequence at the end of the top line
of your error message was never \def'ed. If you have
misspelled it (e.g., `\hobx'), type `I' and the correct
spelling (e.g., `I\hbox'). Otherwise just continue,
and I'll forget about whatever was undefined.


Underfull \hbox (badness 10000) in paragraph at lines 537--539

 []

Package mdframed Info: Not enough space on this page on input line 546.


[13 <./figure_9-eps-converted-to.pdf>]
Package mdframed Info: Not enough space on this page on input line 546.

Underfull \hbox (badness 10000) in paragraph at lines 551--553

 []


Underfull \hbox (badness 10000) in paragraph at lines 582--584

 []


Overfull \hbox (76.79846pt too wide) in paragraph at lines 598--598
[]\T1/lmtt/m/n/10 Phi=quantumGraph(s,t,L,\TS1/lmtt/m/n/10 '\T1/lmtt/m/n/10 RobinCoeff\TS1/lmtt/m/n/10 '\T1/lmtt/m/n/10 ,robinCoeff,\TS1/lmtt/m/n/10 '\T1/lmtt/m/n/10 Weight\TS1/lmtt/m/n/10 '\T1/lmtt/m/n/10 ,weight,\TS1/lmtt/m/n/10 '\T1/lmtt/m/n/10 Discretization\TS1/lmtt/m/n/10 '\T1/lmtt/m/n/10 ,discretizations{j}); 
 []

Package epstopdf Info: Source file: <./QGLABtutorial_media/figure_10.eps>
(epstopdf)                    date: 2024-09-19 11:35:48
(epstopdf)                    size: 9953 bytes
(epstopdf)             Output file: <./figure_10-eps-converted-to.pdf>
(epstopdf)                    date: 2024-09-19 11:48:16
(epstopdf)                    size: 11253 bytes
(epstopdf)             Command: <repstopdf --outfile=./figure_10-eps-converted-to.pdf ./QGLABtutorial_media/figure_10.eps>
(epstopdf)             \includegraphics on input line 604.
Package epstopdf Info: Output file is already uptodate.
<./figure_10-eps-converted-to.pdf, id=146, 354.32375pt x 265.99374pt>
File: ./figure_10-eps-converted-to.pdf Graphic file (type pdf)
<use ./figure_10-eps-converted-to.pdf>
Package pdftex.def Info: ./figure_10-eps-converted-to.pdf  used on input line 604.
(pdftex.def)             Requested size: 470.0pt x 352.84184pt.


[14]
Package mdframed Info: Not enough space on this page on input line 651.


[15 <./figure_10-eps-converted-to.pdf>]
Package mdframed Info: Not enough space on this page on input line 651.
Package epstopdf Info: Source file: <./QGLABtutorial_media/figure_11.eps>
(epstopdf)                    date: 2024-09-19 11:35:49
(epstopdf)                    size: 22455 bytes
(epstopdf)             Output file: <./figure_11-eps-converted-to.pdf>
(epstopdf)                    date: 2024-09-19 11:48:17
(epstopdf)                    size: 22964 bytes
(epstopdf)             Command: <repstopdf --outfile=./figure_11-eps-converted-to.pdf ./QGLABtutorial_media/figure_11.eps>
(epstopdf)             \includegraphics on input line 653.
Package epstopdf Info: Output file is already uptodate.
<./figure_11-eps-converted-to.pdf, id=161, 354.32375pt x 265.99374pt>
File: ./figure_11-eps-converted-to.pdf Graphic file (type pdf)
<use ./figure_11-eps-converted-to.pdf>
Package pdftex.def Info: ./figure_11-eps-converted-to.pdf  used on input line 653.
(pdftex.def)             Requested size: 470.0pt x 352.84184pt.
Package epstopdf Info: Source file: <./QGLABtutorial_media/figure_12.eps>
(epstopdf)                    date: 2024-09-19 11:35:49
(epstopdf)                    size: 21618 bytes
(epstopdf)             Output file: <./figure_12-eps-converted-to.pdf>
(epstopdf)                    date: 2024-09-19 11:48:17
(epstopdf)                    size: 23055 bytes
(epstopdf)             Command: <repstopdf --outfile=./figure_12-eps-converted-to.pdf ./QGLABtutorial_media/figure_12.eps>
(epstopdf)             \includegraphics on input line 676.
Package epstopdf Info: Output file is already uptodate.
<./figure_12-eps-converted-to.pdf, id=162, 354.32375pt x 265.99374pt>
File: ./figure_12-eps-converted-to.pdf Graphic file (type pdf)
<use ./figure_12-eps-converted-to.pdf>
Package pdftex.def Info: ./figure_12-eps-converted-to.pdf  used on input line 676.
(pdftex.def)             Requested size: 470.0pt x 352.84184pt.


[16 <./figure_11-eps-converted-to.pdf>]
Package epstopdf Info: Source file: <./QGLABtutorial_media/figure_13.eps>
(epstopdf)                    date: 2024-09-19 11:35:50
(epstopdf)                    size: 17283 bytes
(epstopdf)             Output file: <./figure_13-eps-converted-to.pdf>
(epstopdf)                    date: 2024-09-19 11:48:17
(epstopdf)                    size: 18422 bytes
(epstopdf)             Command: <repstopdf --outfile=./figure_13-eps-converted-to.pdf ./QGLABtutorial_media/figure_13.eps>
(epstopdf)             \includegraphics on input line 679.
Package epstopdf Info: Output file is already uptodate.
<./figure_13-eps-converted-to.pdf, id=171, 354.32375pt x 265.99374pt>
File: ./figure_13-eps-converted-to.pdf Graphic file (type pdf)
<use ./figure_13-eps-converted-to.pdf>
Package pdftex.def Info: ./figure_13-eps-converted-to.pdf  used on input line 679.
(pdftex.def)             Requested size: 470.0pt x 352.84184pt.


[17 <./figure_12-eps-converted-to.pdf>]
Package epstopdf Info: Source file: <./QGLABtutorial_media/figure_14.eps>
(epstopdf)                    date: 2024-09-19 11:35:51
(epstopdf)                    size: 20928 bytes
(epstopdf)             Output file: <./figure_14-eps-converted-to.pdf>
(epstopdf)                    date: 2024-09-19 11:48:17
(epstopdf)                    size: 22165 bytes
(epstopdf)             Command: <repstopdf --outfile=./figure_14-eps-converted-to.pdf ./QGLABtutorial_media/figure_14.eps>
(epstopdf)             \includegraphics on input line 682.
Package epstopdf Info: Output file is already uptodate.
<./figure_14-eps-converted-to.pdf, id=178, 354.32375pt x 265.99374pt>
File: ./figure_14-eps-converted-to.pdf Graphic file (type pdf)
<use ./figure_14-eps-converted-to.pdf>
Package pdftex.def Info: ./figure_14-eps-converted-to.pdf  used on input line 682.
(pdftex.def)             Requested size: 470.0pt x 352.84184pt.


[18 <./figure_13-eps-converted-to.pdf>]
Package epstopdf Info: Source file: <./QGLABtutorial_media/figure_15.eps>
(epstopdf)                    date: 2024-09-19 11:35:51
(epstopdf)                    size: 16682 bytes
(epstopdf)             Output file: <./figure_15-eps-converted-to.pdf>
(epstopdf)                    date: 2024-09-19 11:48:18
(epstopdf)                    size: 17453 bytes
(epstopdf)             Command: <repstopdf --outfile=./figure_15-eps-converted-to.pdf ./QGLABtutorial_media/figure_15.eps>
(epstopdf)             \includegraphics on input line 685.
Package epstopdf Info: Output file is already uptodate.
<./figure_15-eps-converted-to.pdf, id=185, 354.32375pt x 265.99374pt>
File: ./figure_15-eps-converted-to.pdf Graphic file (type pdf)
<use ./figure_15-eps-converted-to.pdf>
Package pdftex.def Info: ./figure_15-eps-converted-to.pdf  used on input line 685.
(pdftex.def)             Requested size: 470.0pt x 352.84184pt.


[19 <./figure_14-eps-converted-to.pdf>]
Package epstopdf Info: Source file: <./QGLABtutorial_media/figure_16.eps>
(epstopdf)                    date: 2024-09-19 11:35:51
(epstopdf)                    size: 65096 bytes
(epstopdf)             Output file: <./figure_16-eps-converted-to.pdf>
(epstopdf)                    date: 2024-09-19 11:48:18
(epstopdf)                    size: 9955 bytes
(epstopdf)             Command: <repstopdf --outfile=./figure_16-eps-converted-to.pdf ./QGLABtutorial_media/figure_16.eps>
(epstopdf)             \includegraphics on input line 709.
Package epstopdf Info: Output file is already uptodate.
<./figure_16-eps-converted-to.pdf, id=193, 354.32375pt x 265.99374pt>
File: ./figure_16-eps-converted-to.pdf Graphic file (type pdf)
<use ./figure_16-eps-converted-to.pdf>
Package pdftex.def Info: ./figure_16-eps-converted-to.pdf  used on input line 709.
(pdftex.def)             Requested size: 470.0pt x 352.84184pt.


[20 <./figure_15-eps-converted-to.pdf>]

[21 <./figure_16-eps-converted-to.pdf>]
Underfull \hbox (badness 10000) in paragraph at lines 755--757

 []


Underfull \hbox (badness 10000) in paragraph at lines 772--774

 []


Overfull \hbox (34.79858pt too wide) in paragraph at lines 805--805
[]\T1/lmtt/m/n/10 options=continuerSet([],\TS1/lmtt/m/n/10 '\T1/lmtt/m/n/10 LambdaThresh\TS1/lmtt/m/n/10 '\T1/lmtt/m/n/10 ,-3,\TS1/lmtt/m/n/10 '\T1/lmtt/m/n/10 NThresh\TS1/lmtt/m/n/10 '\T1/lmtt/m/n/10 ,9,\TS1/lmtt/m/n/10 '\T1/lmtt/m/n/10 plotFlag\TS1/lmtt/m/n/10 '\T1/lmtt/m/n/10 ,false,\TS1/lmtt/m/n/10 '\T1/lmtt/m/n/10 minNormDelta\TS1/lmtt/m/n/10 '\T1/lmtt/m/n/10 ,1e-3); 
 []

Package mdframed Info: Not enough space on this page on input line 819.


[22]
Package mdframed Info: Not enough space on this page on input line 819.


[23]
Package epstopdf Info: Source file: <./QGLABtutorial_media/figure_17.eps>
(epstopdf)                    date: 2024-09-19 11:35:52
(epstopdf)                    size: 138341 bytes
(epstopdf)             Output file: <./figure_17-eps-converted-to.pdf>
(epstopdf)                    date: 2024-09-19 11:48:19
(epstopdf)                    size: 7388 bytes
(epstopdf)             Command: <repstopdf --outfile=./figure_17-eps-converted-to.pdf ./QGLABtutorial_media/figure_17.eps>
(epstopdf)             \includegraphics on input line 940.
Package epstopdf Info: Output file is already uptodate.
<./figure_17-eps-converted-to.pdf, id=226, 354.32375pt x 265.99374pt>
File: ./figure_17-eps-converted-to.pdf Graphic file (type pdf)
<use ./figure_17-eps-converted-to.pdf>
Package pdftex.def Info: ./figure_17-eps-converted-to.pdf  used on input line 940.
(pdftex.def)             Requested size: 470.0pt x 352.84184pt.


[24]
Package epstopdf Info: Source file: <./QGLABtutorial_media/figure_18.eps>
(epstopdf)                    date: 2024-09-19 11:35:52
(epstopdf)                    size: 18771 bytes
(epstopdf)             Output file: <./figure_18-eps-converted-to.pdf>
(epstopdf)                    date: 2024-09-19 11:48:19
(epstopdf)                    size: 19967 bytes
(epstopdf)             Command: <repstopdf --outfile=./figure_18-eps-converted-to.pdf ./QGLABtutorial_media/figure_18.eps>
(epstopdf)             \includegraphics on input line 956.
Package epstopdf Info: Output file is already uptodate.
<./figure_18-eps-converted-to.pdf, id=233, 354.32375pt x 265.99374pt>
File: ./figure_18-eps-converted-to.pdf Graphic file (type pdf)
<use ./figure_18-eps-converted-to.pdf>
Package pdftex.def Info: ./figure_18-eps-converted-to.pdf  used on input line 956.
(pdftex.def)             Requested size: 470.0pt x 352.84184pt.


[25 <./figure_17-eps-converted-to.pdf>]
Package epstopdf Info: Source file: <./QGLABtutorial_media/figure_19.eps>
(epstopdf)                    date: 2024-09-19 11:35:53
(epstopdf)                    size: 19534 bytes
(epstopdf)             Output file: <./figure_19-eps-converted-to.pdf>
(epstopdf)                    date: 2024-09-19 11:48:19
(epstopdf)                    size: 20068 bytes
(epstopdf)             Command: <repstopdf --outfile=./figure_19-eps-converted-to.pdf ./QGLABtutorial_media/figure_19.eps>
(epstopdf)             \includegraphics on input line 970.
Package epstopdf Info: Output file is already uptodate.
<./figure_19-eps-converted-to.pdf, id=252, 354.32375pt x 265.99374pt>
File: ./figure_19-eps-converted-to.pdf Graphic file (type pdf)
<use ./figure_19-eps-converted-to.pdf>
Package pdftex.def Info: ./figure_19-eps-converted-to.pdf  used on input line 970.
(pdftex.def)             Requested size: 470.0pt x 352.84184pt.


[26 <./figure_18-eps-converted-to.pdf>]
Underfull \hbox (badness 10000) in paragraph at lines 1013--1015

 []



[27 <./figure_19-eps-converted-to.pdf>]
Package epstopdf Info: Source file: <./QGLABtutorial_media/figure_20.eps>
(epstopdf)                    date: 2024-09-19 11:35:53
(epstopdf)                    size: 16764 bytes
(epstopdf)             Output file: <./figure_20-eps-converted-to.pdf>
(epstopdf)                    date: 2024-09-19 11:48:19
(epstopdf)                    size: 17770 bytes
(epstopdf)             Command: <repstopdf --outfile=./figure_20-eps-converted-to.pdf ./QGLABtutorial_media/figure_20.eps>
(epstopdf)             \includegraphics on input line 1026.
Package epstopdf Info: Output file is already uptodate.
<./figure_20-eps-converted-to.pdf, id=267, 354.32375pt x 265.99374pt>
File: ./figure_20-eps-converted-to.pdf Graphic file (type pdf)
<use ./figure_20-eps-converted-to.pdf>
Package pdftex.def Info: ./figure_20-eps-converted-to.pdf  used on input line 1026.
(pdftex.def)             Requested size: 470.0pt x 352.84184pt.

Underfull \hbox (badness 10000) in paragraph at lines 1035--1037

 []


Underfull \hbox (badness 10000) in paragraph at lines 1047--1049

 []


Underfull \hbox (badness 10000) in paragraph at lines 1060--1062

 []



[28 <./figure_20-eps-converted-to.pdf>]
Package epstopdf Info: Source file: <./QGLABtutorial_media/figure_21.eps>
(epstopdf)                    date: 2024-09-19 11:35:53
(epstopdf)                    size: 16204 bytes
(epstopdf)             Output file: <./figure_21-eps-converted-to.pdf>
(epstopdf)                    date: 2024-09-19 11:48:20
(epstopdf)                    size: 17136 bytes
(epstopdf)             Command: <repstopdf --outfile=./figure_21-eps-converted-to.pdf ./QGLABtutorial_media/figure_21.eps>
(epstopdf)             \includegraphics on input line 1073.
Package epstopdf Info: Output file is already uptodate.
<./figure_21-eps-converted-to.pdf, id=276, 354.32375pt x 265.99374pt>
File: ./figure_21-eps-converted-to.pdf Graphic file (type pdf)
<use ./figure_21-eps-converted-to.pdf>
Package pdftex.def Info: ./figure_21-eps-converted-to.pdf  used on input line 1073.
(pdftex.def)             Requested size: 470.0pt x 352.84184pt.

Underfull \hbox (badness 10000) in paragraph at lines 1079--1081

 []



[29 <./figure_21-eps-converted-to.pdf>]
Package mdframed Info: Not enough space on this page on input line 1100.
Package epstopdf Info: Source file: <./QGLABtutorial_media/figure_22.eps>
(epstopdf)                    date: 2024-09-19 11:35:54
(epstopdf)                    size: 247231 bytes
(epstopdf)             Output file: <./figure_22-eps-converted-to.pdf>
(epstopdf)                    date: 2024-09-19 11:48:20
(epstopdf)                    size: 36352 bytes
(epstopdf)             Command: <repstopdf --outfile=./figure_22-eps-converted-to.pdf ./QGLABtutorial_media/figure_22.eps>
(epstopdf)             \includegraphics on input line 1121.
Package epstopdf Info: Output file is already uptodate.
<./figure_22-eps-converted-to.pdf, id=286, 354.32375pt x 265.99374pt>
File: ./figure_22-eps-converted-to.pdf Graphic file (type pdf)
<use ./figure_22-eps-converted-to.pdf>
Package pdftex.def Info: ./figure_22-eps-converted-to.pdf  used on input line 1121.
(pdftex.def)             Requested size: 470.0pt x 352.84184pt.


[30 <./figure_22-eps-converted-to.pdf>]
Package epstopdf Info: Source file: <./QGLABtutorial_media/figure_23.eps>
(epstopdf)                    date: 2024-09-19 11:35:55
(epstopdf)                    size: 255910 bytes
(epstopdf)             Output file: <./figure_23-eps-converted-to.pdf>
(epstopdf)                    date: 2024-09-19 11:48:21
(epstopdf)                    size: 37413 bytes
(epstopdf)             Command: <repstopdf --outfile=./figure_23-eps-converted-to.pdf ./QGLABtutorial_media/figure_23.eps>
(epstopdf)             \includegraphics on input line 1140.
Package epstopdf Info: Output file is already uptodate.
<./figure_23-eps-converted-to.pdf, id=295, 354.32375pt x 265.99374pt>
File: ./figure_23-eps-converted-to.pdf Graphic file (type pdf)
<use ./figure_23-eps-converted-to.pdf>
Package pdftex.def Info: ./figure_23-eps-converted-to.pdf  used on input line 1140.
(pdftex.def)             Requested size: 470.0pt x 352.84184pt.


[31 <./figure_23-eps-converted-to.pdf>] (./QGLABtutorial.aux)
 ***********
LaTeX2e <2024-06-01> patch level 2
L3 programming layer <2024-08-30>
 ***********


LaTeX Warning: Label(s) may have changed. Rerun to get cross-references right.


Package rerunfilecheck Warning: File `QGLABtutorial.out' has changed.
(rerunfilecheck)                Rerun to get outlines right
(rerunfilecheck)                or use package `bookmark'.

Package rerunfilecheck Info: Checksums for `QGLABtutorial.out':
(rerunfilecheck)             Before: <no file>
(rerunfilecheck)             After:  D41D8CD98F00B204E9800998ECF8427E;0.
 ) 
Here is how much of TeX's memory you used:
 22961 strings out of 473579
 434625 string characters out of 5728228
 817700 words of memory out of 5000000
 45357 multiletter control sequences out of 15000+600000
 600291 words of font info for 65 fonts, out of 8000000 for 9000
 1141 hyphenation exceptions out of 8191
 119i,10n,123p,1328b,1078s stack positions out of 10000i,1000n,20000p,200000b,200000s
</usr/local/texlive/2024/texmf-dist/fonts/type1/public/lm/lmbx10.pfb></usr/local/texlive/2024/texmf-dist/fonts/type1/public/lm/lmbx12.pfb></usr/local/texlive/2024/texmf-dist/fonts/type1/public/lm/lmex10.pfb></usr/local/texlive/2024/texmf-dist/fonts/type1/public/lm/lmmi10.pfb></usr/local/texlive/2024/texmf-dist/fonts/type1/public/lm/lmmi5.pfb></usr/local/texlive/2024/texmf-dist/fonts/type1/public/lm/lmmi7.pfb></usr/local/texlive/2024/texmf-dist/fonts/type1/public/lm/lmr10.pfb></usr/local/texlive/2024/texmf-dist/fonts/type1/public/lm/lmr5.pfb></usr/local/texlive/2024/texmf-dist/fonts/type1/public/lm/lmr7.pfb></usr/local/texlive/2024/texmf-dist/fonts/type1/public/lm/lmri10.pfb></usr/local/texlive/2024/texmf-dist/fonts/type1/public/lm/lmsy10.pfb></usr/local/texlive/2024/texmf-dist/fonts/type1/public/lm/lmsy7.pfb></usr/local/texlive/2024/texmf-dist/fonts/type1/public/lm/lmtt10.pfb>
Output written on QGLABtutorial.pdf (31 pages, 787310 bytes).
PDF statistics:
 387 PDF objects out of 1000 (max. 8388607)
 274 compressed objects within 3 object streams
 68 named destinations out of 1000 (max. 500000)
 133 words of extra memory for PDF output out of 10000 (max. 10000000)

